# JRE version: Java(TM) SE Runtime Environment (8.0_201-b09) (build 1.8.0_201-b09)
# Java VM: Java HotSpot(TM) 64-Bit Server VM (25.201-b09 mixed mode windows-amd64 compressed oops)
Heap:
 PSYoungGen      total 433664K, used 8681K [0x00000000d5e00000, 0x00000000f2400000, 0x0000000100000000)
  eden space 420864K, 2% used [0x00000000d5e00000,0x00000000d667a758,0x00000000ef900000)
  from space 12800K, 0% used [0x00000000f1780000,0x00000000f1780000,0x00000000f2400000)
  to   space 22016K, 0% used [0x00000000ef900000,0x00000000ef900000,0x00000000f0e80000)
 ParOldGen       total 165376K, used 64340K [0x0000000081a00000, 0x000000008bb80000, 0x00000000d5e00000)
  object space 165376K, 38% used [0x0000000081a00000,0x00000000858d51a0,0x000000008bb80000)
 Metaspace       used 42057K, capacity 43920K, committed 44032K, reserved 1087488K
  class space    used 5526K, capacity 6400K, committed 6400K, reserved 1048576K
GC Heap History (10 events):
Event: 5.020 GC heap before
{Heap before GC invocations=15 (full 2):
 PSYoungGen      total 322048K, used 299360K [0x00000000d5e00000, 0x00000000eb100000, 0x0000000100000000)
  eden space 299008K, 100% used [0x00000000d5e00000,0x00000000e8200000,0x00000000e8200000)
  from space 23040K, 1% used [0x00000000e9a80000,0x00000000e9ad8000,0x00000000eb100000)
  to   space 24064K, 0% used [0x00000000e8200000,0x00000000e8200000,0x00000000e9980000)
 ParOldGen       total 103936K, used 27828K [0x0000000081a00000, 0x0000000087f80000, 0x00000000d5e00000)
  object space 103936K, 26% used [0x0000000081a00000,0x000000008352d120,0x0000000087f80000)
 Metaspace       used 32412K, capacity 34186K, committed 34560K, reserved 1079296K
  class space    used 4167K, capacity 5035K, committed 5120K, reserved 1048576K
Event: 5.024 GC heap after
Heap after GC invocations=15 (full 2):
 PSYoungGen      total 323072K, used 736K [0x00000000d5e00000, 0x00000000f2e00000, 0x0000000100000000)
  eden space 299008K, 0% used [0x00000000d5e00000,0x00000000d5e00000,0x00000000e8200000)
  from space 24064K, 3% used [0x00000000e8200000,0x00000000e82b8000,0x00000000e9980000)
  to   space 23040K, 0% used [0x00000000f1780000,0x00000000f1780000,0x00000000f2e00000)
 ParOldGen       total 103936K, used 27852K [0x0000000081a00000, 0x0000000087f80000, 0x00000000d5e00000)
  object space 103936K, 26% used [0x0000000081a00000,0x0000000083533120,0x0000000087f80000)
 Metaspace       used 32412K, capacity 34186K, committed 34560K, reserved 1079296K
  class space    used 4167K, capacity 5035K, committed 5120K, reserved 1048576K
}
Event: 5.631 GC heap before
{Heap before GC invocations=16 (full 2):
 PSYoungGen      total 323072K, used 299744K [0x00000000d5e00000, 0x00000000f2e00000, 0x0000000100000000)
  eden space 299008K, 100% used [0x00000000d5e00000,0x00000000e8200000,0x00000000e8200000)
  from space 24064K, 3% used [0x00000000e8200000,0x00000000e82b8000,0x00000000e9980000)
  to   space 23040K, 0% used [0x00000000f1780000,0x00000000f1780000,0x00000000f2e00000)
 ParOldGen       total 103936K, used 27852K [0x0000000081a00000, 0x0000000087f80000, 0x00000000d5e00000)
  object space 103936K, 26% used [0x0000000081a00000,0x0000000083533120,0x0000000087f80000)
 Metaspace       used 35476K, capacity 37208K, committed 37632K, reserved 1081344K
  class space    used 4663K, capacity 5522K, committed 5632K, reserved 1048576K
Event: 5.638 GC heap after
Heap after GC invocations=16 (full 2):
 PSYoungGen      total 433664K, used 6819K [0x00000000d5e00000, 0x00000000f2400000, 0x0000000100000000)
  eden space 420864K, 0% used [0x00000000d5e00000,0x00000000d5e00000,0x00000000ef900000)
  from space 12800K, 53% used [0x00000000f1780000,0x00000000f1e28c58,0x00000000f2400000)
  to   space 22016K, 0% used [0x00000000ef900000,0x00000000ef900000,0x00000000f0e80000)
 ParOldGen       total 103936K, used 27908K [0x0000000081a00000, 0x0000000087f80000, 0x00000000d5e00000)
  object space 103936K, 26% used [0x0000000081a00000,0x0000000083541120,0x0000000087f80000)
 Metaspace       used 35476K, capacity 37208K, committed 37632K, reserved 1081344K
  class space    used 4663K, capacity 5522K, committed 5632K, reserved 1048576K
}
Event: 7.389 GC heap before
{Heap before GC invocations=17 (full 2):
 PSYoungGen      total 433664K, used 427683K [0x00000000d5e00000, 0x00000000f2400000, 0x0000000100000000)
  eden space 420864K, 100% used [0x00000000d5e00000,0x00000000ef900000,0x00000000ef900000)
  from space 12800K, 53% used [0x00000000f1780000,0x00000000f1e28c58,0x00000000f2400000)
  to   space 22016K, 0% used [0x00000000ef900000,0x00000000ef900000,0x00000000f0e80000)
 ParOldGen       total 103936K, used 27908K [0x0000000081a00000, 0x0000000087f80000, 0x00000000d5e00000)
  object space 103936K, 26% used [0x0000000081a00000,0x0000000083541120,0x0000000087f80000)
 Metaspace       used 40645K, capacity 42502K, committed 42752K, reserved 1085440K
  class space    used 5423K, capacity 6297K, committed 6400K, reserved 1048576K
Event: 7.419 GC heap after
Heap after GC invocations=17 (full 2):
 PSYoungGen      total 442880K, used 22001K [0x00000000d5e00000, 0x00000000f2400000, 0x0000000100000000)
  eden space 420864K, 0% used [0x00000000d5e00000,0x00000000d5e00000,0x00000000ef900000)
  from space 22016K, 99% used [0x00000000ef900000,0x00000000f0e7c5d8,0x00000000f0e80000)
  to   space 12800K, 0% used [0x00000000f1780000,0x00000000f1780000,0x00000000f2400000)
 ParOldGen       total 103936K, used 40851K [0x0000000081a00000, 0x0000000087f80000, 0x00000000d5e00000)
  object space 103936K, 39% used [0x0000000081a00000,0x00000000841e4e80,0x0000000087f80000)
 Metaspace       used 40645K, capacity 42502K, committed 42752K, reserved 1085440K
  class space    used 5423K, capacity 6297K, committed 6400K, reserved 1048576K
}
Event: 11.578 GC heap before
{Heap before GC invocations=18 (full 2):
 PSYoungGen      total 442880K, used 442865K [0x00000000d5e00000, 0x00000000f2400000, 0x0000000100000000)
  eden space 420864K, 100% used [0x00000000d5e00000,0x00000000ef900000,0x00000000ef900000)
  from space 22016K, 99% used [0x00000000ef900000,0x00000000f0e7c5d8,0x00000000f0e80000)
  to   space 12800K, 0% used [0x00000000f1780000,0x00000000f1780000,0x00000000f2400000)
 ParOldGen       total 103936K, used 40851K [0x0000000081a00000, 0x0000000087f80000, 0x00000000d5e00000)
  object space 103936K, 39% used [0x0000000081a00000,0x00000000841e4e80,0x0000000087f80000)
 Metaspace       used 41954K, capacity 43856K, committed 44032K, reserved 1087488K
  class space    used 5523K, capacity 6400K, committed 6400K, reserved 1048576K
Event: 11.598 GC heap after
Heap after GC invocations=18 (full 2):
 PSYoungGen      total 433664K, used 12800K [0x00000000d5e00000, 0x00000000f2400000, 0x0000000100000000)
  eden space 420864K, 0% used [0x00000000d5e00000,0x00000000d5e00000,0x00000000ef900000)
  from space 12800K, 100% used [0x00000000f1780000,0x00000000f2400000,0x00000000f2400000)
  to   space 22016K, 0% used [0x00000000ef900000,0x00000000ef900000,0x00000000f0e80000)
 ParOldGen       total 103936K, used 77038K [0x0000000081a00000, 0x0000000087f80000, 0x00000000d5e00000)
  object space 103936K, 74% used [0x0000000081a00000,0x000000008653bb70,0x0000000087f80000)
 Metaspace       used 41954K, capacity 43856K, committed 44032K, reserved 1087488K
  class space    used 5523K, capacity 6400K, committed 6400K, reserved 1048576K
}
Event: 11.598 GC heap before
{Heap before GC invocations=19 (full 3):
 PSYoungGen      total 433664K, used 12800K [0x00000000d5e00000, 0x00000000f2400000, 0x0000000100000000)
  eden space 420864K, 0% used [0x00000000d5e00000,0x00000000d5e00000,0x00000000ef900000)
  from space 12800K, 100% used [0x00000000f1780000,0x00000000f2400000,0x00000000f2400000)
  to   space 22016K, 0% used [0x00000000ef900000,0x00000000ef900000,0x00000000f0e80000)
 ParOldGen       total 103936K, used 77038K [0x0000000081a00000, 0x0000000087f80000, 0x00000000d5e00000)
  object space 103936K, 74% used [0x0000000081a00000,0x000000008653bb70,0x0000000087f80000)
 Metaspace       used 41954K, capacity 43856K, committed 44032K, reserved 1087488K
  class space    used 5523K, capacity 6400K, committed 6400K, reserved 1048576K
Event: 11.717 GC heap after
Heap after GC invocations=19 (full 3):
 PSYoungGen      total 433664K, used 0K [0x00000000d5e00000, 0x00000000f2400000, 0x0000000100000000)
  eden space 420864K, 0% used [0x00000000d5e00000,0x00000000d5e00000,0x00000000ef900000)
  from space 12800K, 0% used [0x00000000f1780000,0x00000000f1780000,0x00000000f2400000)
  to   space 22016K, 0% used [0x00000000ef900000,0x00000000ef900000,0x00000000f0e80000)
 ParOldGen       total 165376K, used 64340K [0x0000000081a00000, 0x000000008bb80000, 0x00000000d5e00000)
  object space 165376K, 38% used [0x0000000081a00000,0x00000000858d51a0,0x000000008bb80000)
 Metaspace       used 41954K, capacity 43856K, committed 44032K, reserved 1087488K
  class space    used 5523K, capacity 6400K, committed 6400K, reserved 1048576K
}

